[2025-04-06T09:15:33.791Z] https://traodoisub.com/api/coin/?type=facebook_reaction&id=Q2EIZWSPD98RBV15QCYP&&access_token=TDS0nIxIXZ2V2ciojIyVmdlNnIsISMxEjM1R3ZuFGZiojIyV2c1Jye

[2025-04-06T09:41:34.054Z] https://traodoisub.com/api/coin/?type=facebook_reaction&id=S1RGJ70MONTAHV3IHL7C&&access_token=TDS0nIxIXZ2V2ciojIyVmdlNnIsISMxEjM1R3ZuFGZiojIyV2c1Jye

[2025-04-06T09:48:06.152Z] https://traodoisub.com/api/coin/?type=facebook_reaction&id=XPHKN5QA3AAOGWNZKCA7&&access_token=TDS0nIxIXZ2V2ciojIyVmdlNnIsISMxEjM1R3ZuFGZiojIyV2c1Jye

[2025-04-06T09:48:15.661Z] https://traodoisub.com/api/coin/?type=facebook_reaction&id=5LWMN841Q4KN8PQ4681Q&&access_token=TDS0nI2IXZ2V2ciojIyVmdlNnIsISOwkDM1R3ZuFGZiojIyV2c1Jye

[2025-04-06T09:48:50.343Z] https://traodoisub.com/api/coin/?type=facebook_reaction&id=B42K4DRL1ROLWCCJ9VKS&&access_token=TDS0nI2IXZ2V2ciojIyVmdlNnIsISOwkDM1R3ZuFGZiojIyV2c1Jye

[2025-04-06T09:52:01.775Z] https://traodoisub.com/api/coin/?type=facebook_reaction&id=ADM6KR898JYON1NZHWEB&&access_token=TDS0nI2IXZ2V2ciojIyVmdlNnIsISOwkDM1R3ZuFGZiojIyV2c1Jye

[2025-04-06T09:59:50.251Z] https://traodoisub.com/api/coin/?type=facebook_reaction&id=YQDPU45OE5ARGXZOXFDZ&&access_token=TDS0nI2IXZ2V2ciojIyVmdlNnIsISOwkDM1R3ZuFGZiojIyV2c1Jye

[2025-04-06T10:00:03.545Z] https://traodoisub.com/api/coin/?type=facebook_reaction&id=KC9JV68OSOAAO4WHPT0M&&access_token=TDS0nIxIXZ2V2ciojIyVmdlNnIsISMxEjM1R3ZuFGZiojIyV2c1Jye

[2025-04-06T10:00:40.939Z] https://traodoisub.com/api/coin/?type=facebook_reaction&id=WH1I9A2UNVCXQ82ZM5YC&&access_token=TDS0nI2IXZ2V2ciojIyVmdlNnIsISOwkDM1R3ZuFGZiojIyV2c1Jye

[2025-04-06T10:02:35.167Z] https://traodoisub.com/api/coin/?type=facebook_reaction&id=7Y0NUGSM19GAN9UYZBSC&&access_token=TDS0nI2IXZ2V2ciojIyVmdlNnIsISOwkDM1R3ZuFGZiojIyV2c1Jye

[2025-04-06T10:07:35.139Z] https://traodoisub.com/api/coin/?type=facebook_reaction&id=R36OUYESRZJDS27L7F1M&&access_token=TDS0nI2IXZ2V2ciojIyVmdlNnIsISOwkDM1R3ZuFGZiojIyV2c1Jye

[2025-04-06T10:08:10.992Z] https://traodoisub.com/api/coin/?type=facebook_reaction&id=CALD4USU1221W8T7GBQY&&access_token=TDS0nI2IXZ2V2ciojIyVmdlNnIsISOwkDM1R3ZuFGZiojIyV2c1Jye

[2025-04-06T10:27:55.257Z] https://traodoisub.com/api/coin/?type=facebook_reaction&id=SSEIU8JTXLUDDMWGQ7A5&&access_token=TDS0nIxIXZ2V2ciojIyVmdlNnIsISMxEjM1R3ZuFGZiojIyV2c1Jye

[2025-04-06T10:28:30.217Z] https://traodoisub.com/api/coin/?type=facebook_reaction&id=L8IL82Y1MB0Z6MHQ2LG0&&access_token=TDS0nIxIXZ2V2ciojIyVmdlNnIsISMxEjM1R3ZuFGZiojIyV2c1Jye

[2025-04-06T10:28:43.048Z] https://traodoisub.com/api/coin/?type=facebook_reaction&id=3Y6O018PW4ZSQGPL53F9&&access_token=TDS0nI5IXZ2V2ciojIyVmdlNnIsICNwgjM1R3ZuFGZiojIyV2c1Jye

[2025-04-06T10:32:32.099Z] https://traodoisub.com/api/coin/?type=facebook_reaction&id=FJ5QJXK7W7S5HI5P2PWM&&access_token=TDS0nI5IXZ2V2ciojIyVmdlNnIsICNwgjM1R3ZuFGZiojIyV2c1Jye

[2025-04-06T10:32:36.607Z] https://traodoisub.com/api/coin/?type=facebook_reaction&id=M9SEIGJTBQQHCXR31JHU&&access_token=TDS0nIxIXZ2V2ciojIyVmdlNnIsISMxEjM1R3ZuFGZiojIyV2c1Jye

[2025-04-06T10:32:44.526Z] https://traodoisub.com/api/coin/?type=facebook_reaction&id=1QDL94KQDDRH689VD90Z&&access_token=TDS0nI5IXZ2V2ciojIyVmdlNnIsICNwgjM1R3ZuFGZiojIyV2c1Jye

[2025-04-06T10:37:06.880Z] https://traodoisub.com/api/coin/?type=facebook_reaction&id=357I596ICBYUUBC9VNPK&&access_token=TDS0nI5IXZ2V2ciojIyVmdlNnIsICNwgjM1R3ZuFGZiojIyV2c1Jye

[2025-04-06T10:37:32.055Z] https://traodoisub.com/api/coin/?type=facebook_reaction&id=1G9A4TL5PK1TDDZKKB2C&&access_token=TDS0nIxIXZ2V2ciojIyVmdlNnIsISMxEjM1R3ZuFGZiojIyV2c1Jye

[2025-04-06T10:37:34.254Z] https://traodoisub.com/api/coin/?type=facebook_reaction&id=SY8WLSUX7AY9OD2LAT2Q&&access_token=TDS0nI5IXZ2V2ciojIyVmdlNnIsICNwgjM1R3ZuFGZiojIyV2c1Jye

[2025-04-06T10:37:43.275Z] https://traodoisub.com/api/coin/?type=facebook_reaction&id=0VW3WEXZNK3715MPP5PB&&access_token=TDS0nIxIXZ2V2ciojIyVmdlNnIsISMxEjM1R3ZuFGZiojIyV2c1Jye

[2025-04-06T10:37:44.634Z] https://traodoisub.com/api/coin/?type=facebook_reaction&id=0I6CW9XVJ9JTBPXQPWJP&&access_token=TDS0nI5IXZ2V2ciojIyVmdlNnIsICNwgjM1R3ZuFGZiojIyV2c1Jye

[2025-04-06T10:43:44.796Z] https://traodoisub.com/api/coin/?type=facebook_reaction&id=9N47LNAGXK2VOL8K7M2Y&&access_token=TDS0nI5IXZ2V2ciojIyVmdlNnIsICNwgjM1R3ZuFGZiojIyV2c1Jye

[2025-04-06T10:48:21.845Z] https://traodoisub.com/api/coin/?type=facebook_reaction&id=CY8H6UIRS0QKP3KOXCOA&&access_token=TDS0nI5IXZ2V2ciojIyVmdlNnIsICNwgjM1R3ZuFGZiojIyV2c1Jye

[2025-04-06T10:50:40.548Z] https://traodoisub.com/api/coin/?type=facebook_reaction&id=A5JIOZYKTV2TOCRYPA3D&&access_token=TDS0nI5IXZ2V2ciojIyVmdlNnIsICNwgjM1R3ZuFGZiojIyV2c1Jye

[2025-04-06T11:06:30.572Z] https://traodoisub.com/api/coin/?type=facebook_reaction&id=6N7PJDS3JOGMJBFI9NIL&&access_token=TDS0nI5IXZ2V2ciojIyVmdlNnIsICNwgjM1R3ZuFGZiojIyV2c1Jye

[2025-04-06T11:24:20.200Z] https://traodoisub.com/api/coin/?type=facebook_reaction&id=O3V957JTZ9WIT9A503ZM&&access_token=TDS0nI5IXZ2V2ciojIyVmdlNnIsICNwgjM1R3ZuFGZiojIyV2c1Jye

[2025-04-06T11:24:55.738Z] https://traodoisub.com/api/coin/?type=facebook_reaction&id=1XY1XG5M42RRIQ7K1VI0&&access_token=TDS0nI5IXZ2V2ciojIyVmdlNnIsICNwgjM1R3ZuFGZiojIyV2c1Jye

[2025-04-06T11:45:29.414Z] https://traodoisub.com/api/coin/?type=facebook_reaction&id=GABBQBWJ5NMMLKSRNE0P&&access_token=TDS0nI5IXZ2V2ciojIyVmdlNnIsICNwgjM1R3ZuFGZiojIyV2c1Jye

[2025-04-06T11:50:58.528Z] https://traodoisub.com/api/coin/?type=facebook_reaction&id=YQP8Q8FTS76J02K0X4O0&&access_token=TDS0nIxIXZ2V2ciojIyVmdlNnIsISMxEjM1R3ZuFGZiojIyV2c1Jye

[2025-04-06T11:58:50.825Z] https://traodoisub.com/api/coin/?type=facebook_reaction&id=MS45T0LQJ365KLVYSRYM&&access_token=TDS0nIxIXZ2V2ciojIyVmdlNnIsISMxEjM1R3ZuFGZiojIyV2c1Jye

[2025-04-06T12:17:29.821Z] https://traodoisub.com/api/coin/?type=facebook_reaction&id=ND119KNWYJXLL27L22LP&&access_token=TDS0nI5IXZ2V2ciojIyVmdlNnIsICNwgjM1R3ZuFGZiojIyV2c1Jye

[2025-04-06T12:28:41.186Z] https://traodoisub.com/api/coin/?type=facebook_reaction&id=B3BQPBKMCBXZ0EUUJGFK&&access_token=TDS0nIxIXZ2V2ciojIyVmdlNnIsISMxEjM1R3ZuFGZiojIyV2c1Jye

[2025-04-06T12:30:50.313Z] https://traodoisub.com/api/coin/?type=facebook_reaction&id=JB0WLQ7GZI17E0FGPSC2&&access_token=TDS0nI5IXZ2V2ciojIyVmdlNnIsICNwgjM1R3ZuFGZiojIyV2c1Jye

[2025-04-06T12:40:43.855Z] https://traodoisub.com/api/coin/?type=facebook_reaction&id=P0NADZRK4CWHJ8REOLHE&&access_token=TDS0nI5IXZ2V2ciojIyVmdlNnIsICNwgjM1R3ZuFGZiojIyV2c1Jye

[2025-04-06T12:46:32.481Z] https://traodoisub.com/api/coin/?type=facebook_reaction&id=JYQSH6X1BXTCTCOGN0CO&&access_token=TDS0nIxIXZ2V2ciojIyVmdlNnIsISMxEjM1R3ZuFGZiojIyV2c1Jye

[2025-04-06T12:47:49.190Z] https://traodoisub.com/api/coin/?type=facebook_reaction&id=752N14TSH74NE16UN20A&&access_token=TDS0nIxIXZ2V2ciojIyVmdlNnIsISMxEjM1R3ZuFGZiojIyV2c1Jye

[2025-04-06T12:54:20.505Z] https://traodoisub.com/api/coin/?type=facebook_reaction&id=SRV7K698E1VL1RN6B4AJ&&access_token=TDS0nI5IXZ2V2ciojIyVmdlNnIsICNwgjM1R3ZuFGZiojIyV2c1Jye

[2025-04-06T12:55:49.310Z] https://traodoisub.com/api/coin/?type=facebook_reaction&id=SYKBG6DSWM65BCJH3LKX&&access_token=TDS0nIxIXZ2V2ciojIyVmdlNnIsISMxEjM1R3ZuFGZiojIyV2c1Jye

[2025-04-06T12:58:37.924Z] https://traodoisub.com/api/coin/?type=facebook_reaction&id=0EGRVG687AOD9JSFTMRB&&access_token=TDS0nIxIXZ2V2ciojIyVmdlNnIsISMxEjM1R3ZuFGZiojIyV2c1Jye

[2025-04-06T12:59:04.740Z] https://traodoisub.com/api/coin/?type=facebook_reaction&id=8W1XS33HOJQ7Q2L4LOAT&&access_token=TDS0nIxIXZ2V2ciojIyVmdlNnIsISMxEjM1R3ZuFGZiojIyV2c1Jye

[2025-04-06T13:15:49.311Z] https://traodoisub.com/api/coin/?type=facebook_reaction&id=UVHTNQ0Y5NVLN4YF2263&&access_token=TDS0nI5IXZ2V2ciojIyVmdlNnIsICNwgjM1R3ZuFGZiojIyV2c1Jye

[2025-04-06T13:16:09.065Z] https://traodoisub.com/api/coin/?type=facebook_reaction&id=2E4GFLDGZWL01C1U5QDJ&&access_token=TDS0nI5IXZ2V2ciojIyVmdlNnIsICNwgjM1R3ZuFGZiojIyV2c1Jye

[2025-04-06T13:18:37.990Z] https://traodoisub.com/api/coin/?type=facebook_reaction&id=6LQCJNB7EDBLAXBHC0WI&&access_token=TDS0nI5IXZ2V2ciojIyVmdlNnIsICNwgjM1R3ZuFGZiojIyV2c1Jye

